This is pdfTeX, Version 3.14159265-2.6-1.40.19 (MiKTeX 2.9.6800 64-bit) (preloaded format=pdflatex 2018.9.18)  13 FEB 2020 23:18
entering extended mode
**./Assignment2-Grammar.tex
(Assignment2-Grammar.tex
LaTeX2e <2018-04-01> patch level 5
("C:\Program Files\MiKTeX 2.9\tex\latex\base\article.cls"
Document Class: article 2014/09/29 v1.4h Standard LaTeX document class
("C:\Program Files\MiKTeX 2.9\tex\latex\base\fleqn.clo"
File: fleqn.clo 2016/12/29 v1.2a Standard LaTeX option (flush left equations)
\mathindent=\dimen102
Applying: [2015/01/01] Make \[ robust on input line 50.
LaTeX Info: Redefining \[ on input line 51.
Already applied: [0000/00/00] Make \[ robust on input line 62.
Applying: [2015/01/01] Make \] robust on input line 74.
LaTeX Info: Redefining \] on input line 75.
Already applied: [0000/00/00] Make \] robust on input line 83.
)
("C:\Program Files\MiKTeX 2.9\tex\latex\base\size10.clo"
File: size10.clo 2014/09/29 v1.4h Standard LaTeX file (size option)
)
\c@part=\count80
\c@section=\count81
\c@subsection=\count82
\c@subsubsection=\count83
\c@paragraph=\count84
\c@subparagraph=\count85
\c@figure=\count86
\c@table=\count87
\abovecaptionskip=\skip41
\belowcaptionskip=\skip42
\bibindent=\dimen103
)
("C:\Program Files\MiKTeX 2.9\tex\generic\babel\babel.sty"
Package: babel 2018/06/05 3.22 The Babel package

("C:\Program Files\MiKTeX 2.9\tex\generic\babel\switch.def"
File: switch.def 2018/06/05 3.22 Babel switching mechanism
)
*************************************
* Local config file bblopts.cfg used
*
("C:\Program Files\MiKTeX 2.9\tex\latex\arabi\bblopts.cfg"
File: bblopts.cfg 2005/09/08 v0.1 add Arabic and Farsi to "declared" options of
 babel
)
("C:\Program Files\MiKTeX 2.9\tex\latex\babel-english\english.ldf"
Language: english 2017/06/06 v3.3r English support from the babel system

("C:\Program Files\MiKTeX 2.9\tex\generic\babel\babel.def"
File: babel.def 2018/06/05 3.22 Babel common definitions
\babel@savecnt=\count88
\U@D=\dimen104

("C:\Program Files\MiKTeX 2.9\tex\generic\babel\txtbabel.def")
\bbl@dirlevel=\count89
)
\l@canadian = a dialect from \language\l@american 
\l@australian = a dialect from \language\l@british 
\l@newzealand = a dialect from \language\l@british 
))
("C:\Program Files\MiKTeX 2.9\tex\latex\base\inputenc.sty"
Package: inputenc 2018/04/06 v1.3b Input encoding file
\inpenc@prehook=\toks14
\inpenc@posthook=\toks15
)
("C:\Program Files\MiKTeX 2.9\tex\latex\fancyhdr\fancyhdr.sty"
Package: fancyhdr 2019/01/31 v3.10 Extensive control of page headers and footer
s
\f@nch@headwidth=\skip43
\f@nch@O@elh=\skip44
\f@nch@O@erh=\skip45
\f@nch@O@olh=\skip46
\f@nch@O@orh=\skip47
\f@nch@O@elf=\skip48
\f@nch@O@erf=\skip49
\f@nch@O@olf=\skip50
\f@nch@O@orf=\skip51
)
("C:\Program Files\MiKTeX 2.9\tex\latex\base\fontenc.sty"
Package: fontenc 2017/04/05 v2.0i Standard LaTeX package

("C:\Program Files\MiKTeX 2.9\tex\latex\base\t1enc.def"
File: t1enc.def 2017/04/05 v2.0i Standard LaTeX file
LaTeX Font Info:    Redeclaring font encoding T1 on input line 48.
))
("C:\Program Files\MiKTeX 2.9\tex\latex\lm\lmodern.sty"
Package: lmodern 2009/10/30 v1.6 Latin Modern Fonts
LaTeX Font Info:    Overwriting symbol font `operators' in version `normal'
(Font)                  OT1/cmr/m/n --> OT1/lmr/m/n on input line 22.
LaTeX Font Info:    Overwriting symbol font `letters' in version `normal'
(Font)                  OML/cmm/m/it --> OML/lmm/m/it on input line 23.
LaTeX Font Info:    Overwriting symbol font `symbols' in version `normal'
(Font)                  OMS/cmsy/m/n --> OMS/lmsy/m/n on input line 24.
LaTeX Font Info:    Overwriting symbol font `largesymbols' in version `normal'
(Font)                  OMX/cmex/m/n --> OMX/lmex/m/n on input line 25.
LaTeX Font Info:    Overwriting symbol font `operators' in version `bold'
(Font)                  OT1/cmr/bx/n --> OT1/lmr/bx/n on input line 26.
LaTeX Font Info:    Overwriting symbol font `letters' in version `bold'
(Font)                  OML/cmm/b/it --> OML/lmm/b/it on input line 27.
LaTeX Font Info:    Overwriting symbol font `symbols' in version `bold'
(Font)                  OMS/cmsy/b/n --> OMS/lmsy/b/n on input line 28.
LaTeX Font Info:    Overwriting symbol font `largesymbols' in version `bold'
(Font)                  OMX/cmex/m/n --> OMX/lmex/m/n on input line 29.
LaTeX Font Info:    Overwriting math alphabet `\mathbf' in version `normal'
(Font)                  OT1/cmr/bx/n --> OT1/lmr/bx/n on input line 31.
LaTeX Font Info:    Overwriting math alphabet `\mathsf' in version `normal'
(Font)                  OT1/cmss/m/n --> OT1/lmss/m/n on input line 32.
LaTeX Font Info:    Overwriting math alphabet `\mathit' in version `normal'
(Font)                  OT1/cmr/m/it --> OT1/lmr/m/it on input line 33.
LaTeX Font Info:    Overwriting math alphabet `\mathtt' in version `normal'
(Font)                  OT1/cmtt/m/n --> OT1/lmtt/m/n on input line 34.
LaTeX Font Info:    Overwriting math alphabet `\mathbf' in version `bold'
(Font)                  OT1/cmr/bx/n --> OT1/lmr/bx/n on input line 35.
LaTeX Font Info:    Overwriting math alphabet `\mathsf' in version `bold'
(Font)                  OT1/cmss/bx/n --> OT1/lmss/bx/n on input line 36.
LaTeX Font Info:    Overwriting math alphabet `\mathit' in version `bold'
(Font)                  OT1/cmr/bx/it --> OT1/lmr/bx/it on input line 37.
LaTeX Font Info:    Overwriting math alphabet `\mathtt' in version `bold'
(Font)                  OT1/cmtt/m/n --> OT1/lmtt/m/n on input line 38.
)
(Assignment2-Grammar.aux)
\openout1 = `Assignment2-Grammar.aux'.

LaTeX Font Info:    Checking defaults for OML/cmm/m/it on input line 8.
LaTeX Font Info:    ... okay on input line 8.
LaTeX Font Info:    Checking defaults for T1/cmr/m/n on input line 8.
LaTeX Font Info:    ... okay on input line 8.
LaTeX Font Info:    Checking defaults for OT1/cmr/m/n on input line 8.
LaTeX Font Info:    ... okay on input line 8.
LaTeX Font Info:    Checking defaults for OMS/cmsy/m/n on input line 8.
LaTeX Font Info:    ... okay on input line 8.
LaTeX Font Info:    Checking defaults for OMX/cmex/m/n on input line 8.
LaTeX Font Info:    ... okay on input line 8.
LaTeX Font Info:    Checking defaults for U/cmr/m/n on input line 8.
LaTeX Font Info:    ... okay on input line 8.
LaTeX Font Info:    Try loading font information for T1+lmr on input line 8.
 ("C:\Program Files\MiKTeX 2.9\tex\latex\lm\t1lmr.fd"
File: t1lmr.fd 2009/10/30 v1.6 Font defs for Latin Modern
) [1

{C:/Users/Austin/AppData/Local/MiKTeX/2.9/pdftex/config/pdftex.map}]
LaTeX Font Info:    Try loading font information for OT1+lmr on input line 38.

("C:\Program Files\MiKTeX 2.9\tex\latex\lm\ot1lmr.fd"
File: ot1lmr.fd 2009/10/30 v1.6 Font defs for Latin Modern
)
LaTeX Font Info:    Try loading font information for OML+lmm on input line 38.

("C:\Program Files\MiKTeX 2.9\tex\latex\lm\omllmm.fd"
File: omllmm.fd 2009/10/30 v1.6 Font defs for Latin Modern
)
LaTeX Font Info:    Try loading font information for OMS+lmsy on input line 38.


("C:\Program Files\MiKTeX 2.9\tex\latex\lm\omslmsy.fd"
File: omslmsy.fd 2009/10/30 v1.6 Font defs for Latin Modern
)
LaTeX Font Info:    Try loading font information for OMX+lmex on input line 38.


("C:\Program Files\MiKTeX 2.9\tex\latex\lm\omxlmex.fd"
File: omxlmex.fd 2009/10/30 v1.6 Font defs for Latin Modern
)
LaTeX Font Info:    External font `lmex10' loaded for size
(Font)              <10> on input line 38.
LaTeX Font Info:    External font `lmex10' loaded for size
(Font)              <7> on input line 38.
LaTeX Font Info:    External font `lmex10' loaded for size
(Font)              <5> on input line 38.

Underfull \hbox (badness 10000) in paragraph at lines 38--108

 []


Overfull \hbox (19.51299pt too wide) in paragraph at lines 38--108
\OML/lmm/m/it/10 <$\T1/lmr/m/n/10 fdec$\OML/lmm/m/it/10 >$ \T1/lmr/m/n/10 ::=de
f $\OML/lmm/m/it/10 <$\T1/lmr/m/n/10 type$\OML/lmm/m/it/10 >$ $<$\T1/lmr/m/n/10
 fname$\OML/lmm/m/it/10 >$ \T1/lmr/m/n/10 ( $\OML/lmm/m/it/10 <$\T1/lmr/m/n/10 
params$\OML/lmm/m/it/10 >$ \T1/lmr/m/n/10 ) $\OML/lmm/m/it/10 <$\T1/lmr/m/n/10 
declarations$\OML/lmm/m/it/10 >$ $< statement[]seq >$
 []


Underfull \hbox (badness 10000) in paragraph at lines 38--108

 []


Underfull \hbox (badness 10000) in paragraph at lines 38--108

 []


Underfull \hbox (badness 10000) in paragraph at lines 38--108

 []


Underfull \hbox (badness 10000) in paragraph at lines 38--108

 []


Underfull \hbox (badness 10000) in paragraph at lines 38--108

 []


Underfull \hbox (badness 10000) in paragraph at lines 38--108

 []


Underfull \hbox (badness 10000) in paragraph at lines 38--108

 []


Underfull \hbox (badness 10000) in paragraph at lines 38--108

 []


Underfull \hbox (badness 10000) in paragraph at lines 38--108

 []


Underfull \hbox (badness 10000) in paragraph at lines 38--108

 []


Underfull \hbox (badness 10000) in paragraph at lines 38--108

 []


Underfull \hbox (badness 10000) in paragraph at lines 38--108

 []


Underfull \hbox (badness 10000) in paragraph at lines 38--108

 []


Underfull \hbox (badness 10000) in paragraph at lines 38--108

 []


Underfull \hbox (badness 10000) in paragraph at lines 38--108

 []


Underfull \hbox (badness 10000) in paragraph at lines 38--108

 []


Underfull \hbox (badness 10000) in paragraph at lines 38--108

 []


Underfull \hbox (badness 10000) in paragraph at lines 38--108

 []

[1]
Underfull \hbox (badness 10000) in paragraph at lines 110--164

 []


Underfull \hbox (badness 10000) in paragraph at lines 110--164

 []


Underfull \hbox (badness 10000) in paragraph at lines 110--164

 []


Underfull \hbox (badness 10000) in paragraph at lines 110--164

 []


Overfull \hbox (13.61444pt too wide) in paragraph at lines 110--164
\T1/lmr/m/n/10 first($\OML/lmm/m/it/10 <$\T1/lmr/m/n/10 fname$\OML/lmm/m/it/10 
>$\T1/lmr/m/n/10 ) = first($\OML/lmm/m/it/10 <$\T1/lmr/m/n/10 id$\OML/lmm/m/it/
10 >$\T1/lmr/m/n/10 ) = first($\OML/lmm/m/it/10 <$\T1/lmr/m/n/10 letter$\OML/lm
m/m/it/10 >$\T1/lmr/m/n/10 ) = first($\OML/lmm/m/it/10 <$\T1/lmr/m/n/10 varlist
$\OML/lmm/m/it/10 >$\T1/lmr/m/n/10 ) = first($\OML/lmm/m/it/10 <$\T1/lmr/m/n/10
 var$\OML/lmm/m/it/10 >$\T1/lmr/m/n/10 )=
 []


Underfull \hbox (badness 10000) in paragraph at lines 110--164

 []


Underfull \hbox (badness 10000) in paragraph at lines 110--164

 []


Underfull \hbox (badness 10000) in paragraph at lines 110--164

 []


Underfull \hbox (badness 10000) in paragraph at lines 110--164

 []


Underfull \hbox (badness 10000) in paragraph at lines 110--164

 []


Underfull \hbox (badness 10000) in paragraph at lines 110--164

 []


Overfull \hbox (61.36386pt too wide) in paragraph at lines 110--164
\T1/lmr/m/n/10 first($\OML/lmm/m/it/10 <$\T1/lmr/m/n/10 expr$\OML/lmm/m/it/10 >
$\T1/lmr/m/n/10 ) = first($\OML/lmm/m/it/10 <$\T1/lmr/m/n/10 term$\OML/lmm/m/it
/10 >$\T1/lmr/m/n/10 ) = first($\OML/lmm/m/it/10 <$\T1/lmr/m/n/10 factor$\OML/l
mm/m/it/10 >$\T1/lmr/m/n/10 )=first($\OML/lmm/m/it/10 <$\T1/lmr/m/n/10 factor-r
est$\OML/lmm/m/it/10 >$\T1/lmr/m/n/10 )= { (,1,2,3,4,5,6,7,8,9,0,
 []


Underfull \hbox (badness 10000) in paragraph at lines 110--164

 []


Underfull \hbox (badness 10000) in paragraph at lines 110--164

 []


Underfull \hbox (badness 10000) in paragraph at lines 110--164

 []


Underfull \hbox (badness 10000) in paragraph at lines 110--164

 []


Underfull \hbox (badness 10000) in paragraph at lines 110--164

 []


Underfull \hbox (badness 10000) in paragraph at lines 110--164

 []


Underfull \hbox (badness 10000) in paragraph at lines 110--164

 []


Underfull \hbox (badness 10000) in paragraph at lines 110--164

 []


Underfull \hbox (badness 10000) in paragraph at lines 110--164

 []


Overfull \hbox (14.91884pt too wide) in paragraph at lines 110--164
\T1/lmr/m/n/10 first($\OML/lmm/m/it/10 <$\T1/lmr/m/n/10 digit$\OML/lmm/m/it/10 
>$\T1/lmr/m/n/10 )= first($\OML/lmm/m/it/10 <$\T1/lmr/m/n/10 number$\OML/lmm/m/
it/10 >$\T1/lmr/m/n/10 ) =first($\OML/lmm/m/it/10 <$\T1/lmr/m/n/10 integer$\OML
/lmm/m/it/10 >$\T1/lmr/m/n/10 )=first($\OML/lmm/m/it/10 <$\T1/lmr/m/n/10 double
$\OML/lmm/m/it/10 >$\T1/lmr/m/n/10 )=first($\OML/lmm/m/it/10 <$\T1/lmr/m/n/10 l
ead-
 []


Underfull \hbox (badness 10000) in paragraph at lines 110--164

 []


Underfull \hbox (badness 10000) in paragraph at lines 110--164

 []


Underfull \hbox (badness 10000) in paragraph at lines 110--164

 []


Underfull \hbox (badness 10000) in paragraph at lines 110--164

 []


Underfull \hbox (badness 10000) in paragraph at lines 110--164

 []


Underfull \hbox (badness 10000) in paragraph at lines 110--164

 []

[2] [3]
Underfull \hbox (badness 10000) in paragraph at lines 166--194

 []


Underfull \hbox (badness 10000) in paragraph at lines 166--194

 []


Underfull \hbox (badness 10000) in paragraph at lines 166--194

 []


Underfull \hbox (badness 10000) in paragraph at lines 166--194

 []


Underfull \hbox (badness 10000) in paragraph at lines 166--194

 []


Underfull \hbox (badness 10000) in paragraph at lines 166--194

 []


Underfull \hbox (badness 10000) in paragraph at lines 166--194

 []


Underfull \hbox (badness 10000) in paragraph at lines 166--194

 []


Underfull \hbox (badness 10000) in paragraph at lines 166--194

 []


Underfull \hbox (badness 10000) in paragraph at lines 166--194

 []


Underfull \hbox (badness 10000) in paragraph at lines 166--194

 []


Overfull \hbox (8.37619pt too wide) in paragraph at lines 166--194
\T1/lmr/m/n/10 follow(<id>)=follow(<id-rest>) {( , [ , "," , ) , ; ,*,/,%,+, -,
], <,>,==,<=,>=,<>
 []


Underfull \hbox (badness 10000) in paragraph at lines 166--194

 []


Underfull \hbox (badness 10000) in paragraph at lines 166--194

 []


Underfull \hbox (badness 10000) in paragraph at lines 166--194

 []


Underfull \hbox (badness 10000) in paragraph at lines 166--194

 []


Underfull \hbox (badness 10000) in paragraph at lines 195--221

 []


Overfull \hbox (0.11229pt too wide) in paragraph at lines 195--221
\T1/lmr/m/n/10 follow(<factor>)=follow(<factor-rest>) =fol-low(<number>)= {*,/,
%,+, -,;,',',
 []


Underfull \hbox (badness 10000) in paragraph at lines 195--221

 []


Underfull \hbox (badness 10000) in paragraph at lines 195--221

 []


Underfull \hbox (badness 10000) in paragraph at lines 195--221

 []


Underfull \hbox (badness 10000) in paragraph at lines 195--221

 []


Underfull \hbox (badness 10000) in paragraph at lines 195--221

 []


Underfull \hbox (badness 10000) in paragraph at lines 195--221

 []


Underfull \hbox (badness 10000) in paragraph at lines 195--221

 []


Underfull \hbox (badness 10000) in paragraph at lines 195--221

 []


Overfull \hbox (97.891pt too wide) in paragraph at lines 195--221
\T1/lmr/m/n/10 follow(<double>)=follow(<e-double>)=follow(<double-shortcut>)=fo
llow(<integer>)=follow(<int-
 []


Underfull \hbox (badness 10000) in paragraph at lines 195--221

 []


Overfull \hbox (112.9742pt too wide) in paragraph at lines 195--221
\T1/lmr/m/n/10 follow(<lead-off>)=follow(<lead-off-rest>)={*,/,%,+, -,;,',', ),
], <,>,==,<=,>=,<>,e,1,2,3,4,5,6,7,8,9,0
 []


Underfull \hbox (badness 10000) in paragraph at lines 195--221

 []


Underfull \hbox (badness 10000) in paragraph at lines 195--221

 []


Underfull \hbox (badness 10000) in paragraph at lines 195--221

 []


Underfull \hbox (badness 10000) in paragraph at lines 195--221

 []

[4] [5] (Assignment2-Grammar.aux) ) 
Here is how much of TeX's memory you used:
 1218 strings out of 492973
 15931 string characters out of 3135929
 86070 words of memory out of 3000000
 5106 multiletter control sequences out of 15000+200000
 27395 words of font info for 29 fonts, out of 3000000 for 9000
 1141 hyphenation exceptions out of 8191
 23i,4n,43p,232b,126s stack positions out of 5000i,500n,10000p,200000b,50000s
{C:/Program Files/MiKTeX 2.9/fonts/enc/dvips
/lm/lm-rm.enc}{C:/Program Files/MiKTeX 2.9/fonts/enc/dvips/lm/lm-mathsy.enc}{C:
/Program Files/MiKTeX 2.9/fonts/enc/dvips/lm/lm-mathit.enc}{C:/Program Files/Mi
KTeX 2.9/fonts/enc/dvips/lm/lm-ec.enc}<C:/Program Files/MiKTeX 2.9/fonts/type1/
public/lm/lmbx10.pfb><C:/Program Files/MiKTeX 2.9/fonts/type1/public/lm/lmbx12.
pfb><C:/Program Files/MiKTeX 2.9/fonts/type1/public/lm/lmmi10.pfb><C:/Program F
iles/MiKTeX 2.9/fonts/type1/public/lm/lmr10.pfb><C:/Program Files/MiKTeX 2.9/fo
nts/type1/public/lm/lmsy10.pfb>
Output written on Assignment2-Grammar.pdf (6 pages, 98941 bytes).
PDF statistics:
 47 PDF objects out of 1000 (max. 8388607)
 0 named destinations out of 1000 (max. 500000)
 1 words of extra memory for PDF output out of 10000 (max. 10000000)

